2025-08-03 14:16:04 +0000 - dagster - DEBUG - spider_job - ef59876d-f2d5-4ff8-abb0-9a07984708d7 - 668 - LOGS_CAPTURED - Started capturing logs in process (pid: 668).
2025-08-03 14:16:04 +0000 - dagster - DEBUG - spider_job - ef59876d-f2d5-4ff8-abb0-9a07984708d7 - 668 - run_spider - STEP_START - Started execution of step "run_spider".
2025-08-03 14:16:04 +0000 - dagster - INFO - spider_job - ef59876d-f2d5-4ff8-abb0-9a07984708d7 - run_spider - Running spider from 1/1/2025 to 1/8/2025
2025-08-03 14:16:04 [scrapy.utils.log] INFO: Scrapy 2.13.3 started (bot: kedra_spider)
2025-08-03 14:16:04 [scrapy.utils.log] INFO: Versions:
{'lxml': '6.0.0',
 'libxml2': '2.14.4',
 'cssselect': '1.3.0',
 'parsel': '1.10.0',
 'w3lib': '2.3.1',
 'Twisted': '25.5.0',
 'Python': '3.10.18 (main, Jul 22 2025, 01:42:43) [GCC 12.2.0]',
 'pyOpenSSL': '25.1.0 (OpenSSL 3.5.1 1 Jul 2025)',
 'cryptography': '45.0.5',
 'Platform': 'Linux-6.8.0-64-generic-x86_64-with-glibc2.36'}
2025-08-03 14:16:04 [scrapy.addons] INFO: Enabled addons:
[]
2025-08-03 14:16:04 [py.warnings] WARNING: /usr/local/lib/python3.10/site-packages/scrapy/utils/request.py:120: ScrapyDeprecationWarning: 'REQUEST_FINGERPRINTER_IMPLEMENTATION' is a deprecated setting.
It will be removed in a future version of Scrapy.
  return cls(crawler)

2025-08-03 14:16:04 [asyncio] DEBUG: Using selector: EpollSelector
2025-08-03 14:16:04 [scrapy.utils.log] DEBUG: Using reactor: twisted.internet.asyncioreactor.AsyncioSelectorReactor
2025-08-03 14:16:04 [scrapy.utils.log] DEBUG: Using asyncio event loop: asyncio.unix_events._UnixSelectorEventLoop
2025-08-03 14:16:04 [scrapy.extensions.telnet] INFO: Telnet Password: 425c1931bbcb0318
2025-08-03 14:16:04 [scrapy.middleware] INFO: Enabled extensions:
['scrapy.extensions.corestats.CoreStats',
 'scrapy.extensions.telnet.TelnetConsole',
 'scrapy.extensions.memusage.MemoryUsage',
 'scrapy.extensions.logstats.LogStats']
2025-08-03 14:16:04 [scrapy.crawler] INFO: Overridden settings:
{'BOT_NAME': 'kedra_spider',
 'FEED_EXPORT_ENCODING': 'utf-8',
 'NEWSPIDER_MODULE': 'kedra_spider.spiders',
 'REQUEST_FINGERPRINTER_IMPLEMENTATION': '2.7',
 'ROBOTSTXT_OBEY': True,
 'SPIDER_MODULES': ['kedra_spider.spiders']}
2025-08-03 14:16:04 [scrapy.middleware] INFO: Enabled downloader middlewares:
['scrapy.downloadermiddlewares.offsite.OffsiteMiddleware',
 'scrapy.downloadermiddlewares.robotstxt.RobotsTxtMiddleware',
 'scrapy.downloadermiddlewares.httpauth.HttpAuthMiddleware',
 'scrapy.downloadermiddlewares.downloadtimeout.DownloadTimeoutMiddleware',
 'scrapy.downloadermiddlewares.defaultheaders.DefaultHeadersMiddleware',
 'scrapy.downloadermiddlewares.useragent.UserAgentMiddleware',
 'scrapy.downloadermiddlewares.retry.RetryMiddleware',
 'scrapy.downloadermiddlewares.redirect.MetaRefreshMiddleware',
 'scrapy.downloadermiddlewares.httpcompression.HttpCompressionMiddleware',
 'scrapy.downloadermiddlewares.redirect.RedirectMiddleware',
 'scrapy.downloadermiddlewares.cookies.CookiesMiddleware',
 'scrapy.downloadermiddlewares.httpproxy.HttpProxyMiddleware',
 'scrapy.downloadermiddlewares.stats.DownloaderStats']
2025-08-03 14:16:04 [scrapy.middleware] INFO: Enabled spider middlewares:
['scrapy.spidermiddlewares.start.StartSpiderMiddleware',
 'scrapy.spidermiddlewares.httperror.HttpErrorMiddleware',
 'scrapy.spidermiddlewares.referer.RefererMiddleware',
 'scrapy.spidermiddlewares.urllength.UrlLengthMiddleware',
 'scrapy.spidermiddlewares.depth.DepthMiddleware']
Unhandled error in Deferred:
2025-08-03 14:16:04 [twisted] CRITICAL: Unhandled error in Deferred:

Traceback (most recent call last):
  File "/usr/local/lib/python3.10/site-packages/twisted/internet/defer.py", line 1857, in _inlineCallbacks
    result = context.run(gen.send, result)
  File "/usr/local/lib/python3.10/site-packages/scrapy/crawler.py", line 156, in crawl
    self.engine = self._create_engine()
  File "/usr/local/lib/python3.10/site-packages/scrapy/crawler.py", line 169, in _create_engine
    return ExecutionEngine(self, lambda _: self.stop())
  File "/usr/local/lib/python3.10/site-packages/scrapy/core/engine.py", line 114, in __init__
    self.scraper: Scraper = Scraper(crawler)
  File "/usr/local/lib/python3.10/site-packages/scrapy/core/scraper.py", line 107, in __init__
    self.itemproc: ItemPipelineManager = itemproc_cls.from_crawler(crawler)
  File "/usr/local/lib/python3.10/site-packages/scrapy/middleware.py", line 77, in from_crawler
    return cls._from_settings(crawler.settings, crawler)
  File "/usr/local/lib/python3.10/site-packages/scrapy/middleware.py", line 86, in _from_settings
    mwcls = load_object(clspath)
  File "/usr/local/lib/python3.10/site-packages/scrapy/utils/misc.py", line 71, in load_object
    mod = import_module(module)
  File "/usr/local/lib/python3.10/importlib/__init__.py", line 126, in import_module
    return _bootstrap._gcd_import(name[level:], package, level)
  File "<frozen importlib._bootstrap>", line 1050, in _gcd_import
    
  File "<frozen importlib._bootstrap>", line 1027, in _find_and_load
    
  File "<frozen importlib._bootstrap>", line 1006, in _find_and_load_unlocked
    
  File "<frozen importlib._bootstrap>", line 688, in _load_unlocked
    
  File "<frozen importlib._bootstrap_external>", line 883, in exec_module
    
  File "<frozen importlib._bootstrap>", line 241, in _call_with_frames_removed
    
  File "/app/spiders/kedra_spider/pipelines.py", line 5, in <module>
    from pymongo import MongoClient
builtins.ModuleNotFoundError: No module named 'pymongo'

2025-08-03 14:16:04 [twisted] CRITICAL: 
Traceback (most recent call last):
  File "/usr/local/lib/python3.10/site-packages/twisted/internet/defer.py", line 1857, in _inlineCallbacks
    result = context.run(gen.send, result)
  File "/usr/local/lib/python3.10/site-packages/scrapy/crawler.py", line 156, in crawl
    self.engine = self._create_engine()
  File "/usr/local/lib/python3.10/site-packages/scrapy/crawler.py", line 169, in _create_engine
    return ExecutionEngine(self, lambda _: self.stop())
  File "/usr/local/lib/python3.10/site-packages/scrapy/core/engine.py", line 114, in __init__
    self.scraper: Scraper = Scraper(crawler)
  File "/usr/local/lib/python3.10/site-packages/scrapy/core/scraper.py", line 107, in __init__
    self.itemproc: ItemPipelineManager = itemproc_cls.from_crawler(crawler)
  File "/usr/local/lib/python3.10/site-packages/scrapy/middleware.py", line 77, in from_crawler
    return cls._from_settings(crawler.settings, crawler)
  File "/usr/local/lib/python3.10/site-packages/scrapy/middleware.py", line 86, in _from_settings
    mwcls = load_object(clspath)
  File "/usr/local/lib/python3.10/site-packages/scrapy/utils/misc.py", line 71, in load_object
    mod = import_module(module)
  File "/usr/local/lib/python3.10/importlib/__init__.py", line 126, in import_module
    return _bootstrap._gcd_import(name[level:], package, level)
  File "<frozen importlib._bootstrap>", line 1050, in _gcd_import
  File "<frozen importlib._bootstrap>", line 1027, in _find_and_load
  File "<frozen importlib._bootstrap>", line 1006, in _find_and_load_unlocked
  File "<frozen importlib._bootstrap>", line 688, in _load_unlocked
  File "<frozen importlib._bootstrap_external>", line 883, in exec_module
  File "<frozen importlib._bootstrap>", line 241, in _call_with_frames_removed
  File "/app/spiders/kedra_spider/pipelines.py", line 5, in <module>
    from pymongo import MongoClient
ModuleNotFoundError: No module named 'pymongo'
2025-08-03 14:16:05 +0000 - dagster - DEBUG - spider_job - ef59876d-f2d5-4ff8-abb0-9a07984708d7 - 668 - run_spider - STEP_OUTPUT - Yielded output "result" of type "Any". (Type check passed).
2025-08-03 14:16:05 +0000 - dagster - DEBUG - spider_job - ef59876d-f2d5-4ff8-abb0-9a07984708d7 - run_spider - Writing file at: /app/dagster_project/storage/ef59876d-f2d5-4ff8-abb0-9a07984708d7/run_spider/result using PickledObjectFilesystemIOManager...
2025-08-03 14:16:05 +0000 - dagster - DEBUG - spider_job - ef59876d-f2d5-4ff8-abb0-9a07984708d7 - 668 - run_spider - HANDLED_OUTPUT - Handled output "result" using IO manager "io_manager"
2025-08-03 14:16:05 +0000 - dagster - DEBUG - spider_job - ef59876d-f2d5-4ff8-abb0-9a07984708d7 - 668 - run_spider - STEP_SUCCESS - Finished execution of step "run_spider" in 827ms.
